{
  "uid" : "65c4e0434181c3a3",
  "name" : "test_4",
  "fullName" : "EasyTest.test_4",
  "historyId" : "40f03c6a9652c83ee42175fe25edce63",
  "time" : {
    "start" : 1578467170576,
    "stop" : 1578467170800,
    "duration" : 224
  },
  "status" : "broken",
  "statusMessage" : "No webdriver is bound to current thread: 1. You need to call open(url) first.",
  "statusTrace" : "java.lang.IllegalStateException: No webdriver is bound to current thread: 1. You need to call open(url) first.\n\tat com.codeborne.selenide.drivercommands.LazyDriver.getWebDriver(LazyDriver.java:67)\n\tat com.codeborne.selenide.SelenideDriver.getWebDriver(SelenideDriver.java:139)\n\tat com.codeborne.selenide.impl.WebDriverThreadLocalContainer.getWebDriver(WebDriverThreadLocalContainer.java:68)\n\tat com.codeborne.selenide.WebDriverRunner.getWebDriver(WebDriverRunner.java:71)\n\tat io.qameta.allure.selenide.AllureSelenide.getScreenshotBytes(AllureSelenide.java:92)\n\tat io.qameta.allure.selenide.AllureSelenide.lambda$onEvent$2(AllureSelenide.java:74)\n\tat java.util.Optional.ifPresent(Optional.java:159)\n\tat io.qameta.allure.selenide.AllureSelenide.onEvent(AllureSelenide.java:64)\n\tat com.codeborne.selenide.logevents.SelenideLogger.commitStep(SelenideLogger.java:64)\n\tat com.codeborne.selenide.logevents.SelenideLogger.commitStep(SelenideLogger.java:56)\n\tat com.codeborne.selenide.drivercommands.Navigator.navigateTo(Navigator.java:73)\n\tat com.codeborne.selenide.drivercommands.Navigator.open(Navigator.java:24)\n\tat com.codeborne.selenide.SelenideDriver.open(SelenideDriver.java:59)\n\tat com.codeborne.selenide.Selenide.open(Selenide.java:39)\n\tat EasyTest.test_do(EasyTest.java:32)\n\tat EasyTest.test_4(EasyTest.java:27)\n\tat sun.reflect.NativeMethodAccessorImpl.invoke0(Native Method)\n\tat sun.reflect.NativeMethodAccessorImpl.invoke(NativeMethodAccessorImpl.java:62)\n\tat sun.reflect.DelegatingMethodAccessorImpl.invoke(DelegatingMethodAccessorImpl.java:43)\n\tat java.lang.reflect.Method.invoke(Method.java:498)\n\tat org.testng.internal.MethodInvocationHelper.invokeMethod(MethodInvocationHelper.java:124)\n\tat org.testng.internal.Invoker.invokeMethod(Invoker.java:583)\n\tat org.testng.internal.Invoker.invokeTestMethod(Invoker.java:719)\n\tat org.testng.internal.Invoker.invokeTestMethods(Invoker.java:989)\n\tat org.testng.internal.TestMethodWorker.invokeTestMethods(TestMethodWorker.java:125)\n\tat org.testng.internal.TestMethodWorker.run(TestMethodWorker.java:109)\n\tat org.testng.TestRunner.privateRun(TestRunner.java:648)\n\tat org.testng.TestRunner.run(TestRunner.java:505)\n\tat org.testng.SuiteRunner.runTest(SuiteRunner.java:455)\n\tat org.testng.SuiteRunner.runSequentially(SuiteRunner.java:450)\n\tat org.testng.SuiteRunner.privateRun(SuiteRunner.java:415)\n\tat org.testng.SuiteRunner.run(SuiteRunner.java:364)\n\tat org.testng.SuiteRunnerWorker.runSuite(SuiteRunnerWorker.java:52)\n\tat org.testng.SuiteRunnerWorker.run(SuiteRunnerWorker.java:84)\n\tat org.testng.TestNG.runSuitesSequentially(TestNG.java:1208)\n\tat org.testng.TestNG.runSuitesLocally(TestNG.java:1137)\n\tat org.testng.TestNG.runSuites(TestNG.java:1049)\n\tat org.testng.TestNG.run(TestNG.java:1017)\n\tat org.apache.maven.surefire.testng.TestNGExecutor.run(TestNGExecutor.java:135)\n\tat org.apache.maven.surefire.testng.TestNGDirectoryTestSuite.executeMulti(TestNGDirectoryTestSuite.java:193)\n\tat org.apache.maven.surefire.testng.TestNGDirectoryTestSuite.execute(TestNGDirectoryTestSuite.java:94)\n\tat org.apache.maven.surefire.testng.TestNGProvider.invoke(TestNGProvider.java:146)\n\tat org.apache.maven.surefire.booter.ForkedBooter.invokeProviderInSameClassLoader(ForkedBooter.java:379)\n\tat org.apache.maven.surefire.booter.ForkedBooter.runSuitesInProcess(ForkedBooter.java:340)\n\tat org.apache.maven.surefire.booter.ForkedBooter.execute(ForkedBooter.java:125)\n\tat org.apache.maven.surefire.booter.ForkedBooter.main(ForkedBooter.java:413)\n",
  "flaky" : false,
  "newFailed" : false,
  "beforeStages" : [ {
    "name" : "beforeClass",
    "time" : {
      "start" : 1578467157943,
      "stop" : 1578467157965,
      "duration" : 22
    },
    "description" : "",
    "status" : "passed",
    "steps" : [ ],
    "attachments" : [ ],
    "parameters" : [ ],
    "stepsCount" : 0,
    "attachmentsCount" : 0,
    "shouldDisplayMessage" : false,
    "hasContent" : false
  } ],
  "testStage" : {
    "status" : "broken",
    "statusMessage" : "No webdriver is bound to current thread: 1. You need to call open(url) first.",
    "statusTrace" : "java.lang.IllegalStateException: No webdriver is bound to current thread: 1. You need to call open(url) first.\n\tat com.codeborne.selenide.drivercommands.LazyDriver.getWebDriver(LazyDriver.java:67)\n\tat com.codeborne.selenide.SelenideDriver.getWebDriver(SelenideDriver.java:139)\n\tat com.codeborne.selenide.impl.WebDriverThreadLocalContainer.getWebDriver(WebDriverThreadLocalContainer.java:68)\n\tat com.codeborne.selenide.WebDriverRunner.getWebDriver(WebDriverRunner.java:71)\n\tat io.qameta.allure.selenide.AllureSelenide.getScreenshotBytes(AllureSelenide.java:92)\n\tat io.qameta.allure.selenide.AllureSelenide.lambda$onEvent$2(AllureSelenide.java:74)\n\tat java.util.Optional.ifPresent(Optional.java:159)\n\tat io.qameta.allure.selenide.AllureSelenide.onEvent(AllureSelenide.java:64)\n\tat com.codeborne.selenide.logevents.SelenideLogger.commitStep(SelenideLogger.java:64)\n\tat com.codeborne.selenide.logevents.SelenideLogger.commitStep(SelenideLogger.java:56)\n\tat com.codeborne.selenide.drivercommands.Navigator.navigateTo(Navigator.java:73)\n\tat com.codeborne.selenide.drivercommands.Navigator.open(Navigator.java:24)\n\tat com.codeborne.selenide.SelenideDriver.open(SelenideDriver.java:59)\n\tat com.codeborne.selenide.Selenide.open(Selenide.java:39)\n\tat EasyTest.test_do(EasyTest.java:32)\n\tat EasyTest.test_4(EasyTest.java:27)\n\tat sun.reflect.NativeMethodAccessorImpl.invoke0(Native Method)\n\tat sun.reflect.NativeMethodAccessorImpl.invoke(NativeMethodAccessorImpl.java:62)\n\tat sun.reflect.DelegatingMethodAccessorImpl.invoke(DelegatingMethodAccessorImpl.java:43)\n\tat java.lang.reflect.Method.invoke(Method.java:498)\n\tat org.testng.internal.MethodInvocationHelper.invokeMethod(MethodInvocationHelper.java:124)\n\tat org.testng.internal.Invoker.invokeMethod(Invoker.java:583)\n\tat org.testng.internal.Invoker.invokeTestMethod(Invoker.java:719)\n\tat org.testng.internal.Invoker.invokeTestMethods(Invoker.java:989)\n\tat org.testng.internal.TestMethodWorker.invokeTestMethods(TestMethodWorker.java:125)\n\tat org.testng.internal.TestMethodWorker.run(TestMethodWorker.java:109)\n\tat org.testng.TestRunner.privateRun(TestRunner.java:648)\n\tat org.testng.TestRunner.run(TestRunner.java:505)\n\tat org.testng.SuiteRunner.runTest(SuiteRunner.java:455)\n\tat org.testng.SuiteRunner.runSequentially(SuiteRunner.java:450)\n\tat org.testng.SuiteRunner.privateRun(SuiteRunner.java:415)\n\tat org.testng.SuiteRunner.run(SuiteRunner.java:364)\n\tat org.testng.SuiteRunnerWorker.runSuite(SuiteRunnerWorker.java:52)\n\tat org.testng.SuiteRunnerWorker.run(SuiteRunnerWorker.java:84)\n\tat org.testng.TestNG.runSuitesSequentially(TestNG.java:1208)\n\tat org.testng.TestNG.runSuitesLocally(TestNG.java:1137)\n\tat org.testng.TestNG.runSuites(TestNG.java:1049)\n\tat org.testng.TestNG.run(TestNG.java:1017)\n\tat org.apache.maven.surefire.testng.TestNGExecutor.run(TestNGExecutor.java:135)\n\tat org.apache.maven.surefire.testng.TestNGDirectoryTestSuite.executeMulti(TestNGDirectoryTestSuite.java:193)\n\tat org.apache.maven.surefire.testng.TestNGDirectoryTestSuite.execute(TestNGDirectoryTestSuite.java:94)\n\tat org.apache.maven.surefire.testng.TestNGProvider.invoke(TestNGProvider.java:146)\n\tat org.apache.maven.surefire.booter.ForkedBooter.invokeProviderInSameClassLoader(ForkedBooter.java:379)\n\tat org.apache.maven.surefire.booter.ForkedBooter.runSuitesInProcess(ForkedBooter.java:340)\n\tat org.apache.maven.surefire.booter.ForkedBooter.execute(ForkedBooter.java:125)\n\tat org.apache.maven.surefire.booter.ForkedBooter.main(ForkedBooter.java:413)\n",
    "steps" : [ {
      "name" : "ChromeDriver error: unknown error: Chrome failed to start: exited abnormally\n  (unknown error: DevToolsActivePort file doesn't exist)\n  (The process started from chrome location /usr/bin/google-chrome is no longer running, so ChromeDriver is assuming that Chrome has crashed.)\nBuild info: version: '3.141.59', revision: 'e82be7d358', time: '2018-11-14T08:17:03'\nSystem info: host: 'fv-az60', ip: '10.1.0.4', os.name: 'Linux', os.arch: 'amd64', os.version: '5.0.0-1027-azure', java.version: '1.8.0_232'\nDriver info: driver.version: SelenideDriver\nremote stacktrace: #0 0x5603a9c9e859 <unknown>\n",
      "time" : {
        "start" : 1578467170797,
        "stop" : 1578467170797,
        "duration" : 0
      },
      "status" : "failed",
      "steps" : [ ],
      "attachments" : [ ],
      "parameters" : [ ],
      "stepsCount" : 0,
      "attachmentsCount" : 0,
      "shouldDisplayMessage" : false,
      "hasContent" : false
    }, {
      "name" : "$(open) http://ya.ru",
      "time" : {
        "start" : 1578467170576
      },
      "status" : "passed",
      "steps" : [ ],
      "attachments" : [ ],
      "parameters" : [ ],
      "stepsCount" : 0,
      "attachmentsCount" : 0,
      "shouldDisplayMessage" : false,
      "hasContent" : false
    } ],
    "attachments" : [ ],
    "parameters" : [ ],
    "stepsCount" : 2,
    "attachmentsCount" : 0,
    "shouldDisplayMessage" : true,
    "hasContent" : true
  },
  "afterStages" : [ ],
  "labels" : [ {
    "name" : "package",
    "value" : "EasyTest"
  }, {
    "name" : "testClass",
    "value" : "EasyTest"
  }, {
    "name" : "testMethod",
    "value" : "test_4"
  }, {
    "name" : "parentSuite",
    "value" : "Surefire suite"
  }, {
    "name" : "suite",
    "value" : "Surefire test"
  }, {
    "name" : "subSuite",
    "value" : "EasyTest"
  }, {
    "name" : "host",
    "value" : "fv-az60"
  }, {
    "name" : "thread",
    "value" : "2738@fv-az60.main(1)"
  }, {
    "name" : "framework",
    "value" : "testng"
  }, {
    "name" : "language",
    "value" : "java"
  }, {
    "name" : "resultFormat",
    "value" : "allure2"
  } ],
  "parameters" : [ ],
  "links" : [ ],
  "hidden" : false,
  "retry" : false,
  "extra" : {
    "severity" : "normal",
    "retries" : [ ],
    "categories" : [ {
      "name" : "Test defects",
      "matchedStatuses" : [ ],
      "flaky" : false
    } ],
    "history" : {
      "statistic" : {
        "failed" : 0,
        "broken" : 2,
        "skipped" : 0,
        "passed" : 0,
        "unknown" : 0,
        "total" : 2
      },
      "items" : [ {
        "uid" : "b55b9bcb7d9811df",
        "status" : "broken",
        "statusDetails" : "No webdriver is bound to current thread: 1. You need to call open(url) first.",
        "time" : {
          "start" : 1578325732561,
          "stop" : 1578325732778,
          "duration" : 217
        }
      } ]
    },
    "tags" : [ ]
  },
  "source" : "65c4e0434181c3a3.json",
  "parameterValues" : [ ]
}