{
  "uid" : "b537ef5d3db1b51a",
  "name" : "test_4",
  "fullName" : "EasyTest.test_4",
  "historyId" : "40f03c6a9652c83ee42175fe25edce63",
  "time" : {
    "start" : 1578474136942,
    "stop" : 1578474136943,
    "duration" : 1
  },
  "status" : "skipped",
  "statusMessage" : "No webdriver is bound to current thread: 1. You need to call open(url) first.",
  "statusTrace" : "java.lang.IllegalStateException: No webdriver is bound to current thread: 1. You need to call open(url) first.\n\tat com.codeborne.selenide.drivercommands.LazyDriver.getWebDriver(LazyDriver.java:67)\n\tat com.codeborne.selenide.SelenideDriver.getWebDriver(SelenideDriver.java:143)\n\tat com.codeborne.selenide.impl.WebDriverThreadLocalContainer.getWebDriver(WebDriverThreadLocalContainer.java:68)\n\tat com.codeborne.selenide.WebDriverRunner.getWebDriver(WebDriverRunner.java:71)\n\tat BaseTestClass.getSessionId(BaseTestClass.java:166)\n\tat BaseTestClass.saveVideo(BaseTestClass.java:51)\n\tat sun.reflect.NativeMethodAccessorImpl.invoke0(Native Method)\n\tat sun.reflect.NativeMethodAccessorImpl.invoke(NativeMethodAccessorImpl.java:62)\n\tat sun.reflect.DelegatingMethodAccessorImpl.invoke(DelegatingMethodAccessorImpl.java:43)\n\tat java.lang.reflect.Method.invoke(Method.java:498)\n\tat org.testng.internal.MethodInvocationHelper.invokeMethod(MethodInvocationHelper.java:124)\n\tat org.testng.internal.MethodInvocationHelper.invokeMethodConsideringTimeout(MethodInvocationHelper.java:59)\n\tat org.testng.internal.Invoker.invokeConfigurationMethod(Invoker.java:458)\n\tat org.testng.internal.Invoker.invokeConfigurations(Invoker.java:222)\n\tat org.testng.internal.Invoker.invokeMethod(Invoker.java:646)\n\tat org.testng.internal.Invoker.invokeTestMethod(Invoker.java:719)\n\tat org.testng.internal.Invoker.invokeTestMethods(Invoker.java:989)\n\tat org.testng.internal.TestMethodWorker.invokeTestMethods(TestMethodWorker.java:125)\n\tat org.testng.internal.TestMethodWorker.run(TestMethodWorker.java:109)\n\tat org.testng.TestRunner.privateRun(TestRunner.java:648)\n\tat org.testng.TestRunner.run(TestRunner.java:505)\n\tat org.testng.SuiteRunner.runTest(SuiteRunner.java:455)\n\tat org.testng.SuiteRunner.runSequentially(SuiteRunner.java:450)\n\tat org.testng.SuiteRunner.privateRun(SuiteRunner.java:415)\n\tat org.testng.SuiteRunner.run(SuiteRunner.java:364)\n\tat org.testng.SuiteRunnerWorker.runSuite(SuiteRunnerWorker.java:52)\n\tat org.testng.SuiteRunnerWorker.run(SuiteRunnerWorker.java:84)\n\tat org.testng.TestNG.runSuitesSequentially(TestNG.java:1208)\n\tat org.testng.TestNG.runSuitesLocally(TestNG.java:1137)\n\tat org.testng.TestNG.runSuites(TestNG.java:1049)\n\tat org.testng.TestNG.run(TestNG.java:1017)\n\tat org.apache.maven.surefire.testng.TestNGExecutor.run(TestNGExecutor.java:135)\n\tat org.apache.maven.surefire.testng.TestNGDirectoryTestSuite.executeMulti(TestNGDirectoryTestSuite.java:193)\n\tat org.apache.maven.surefire.testng.TestNGDirectoryTestSuite.execute(TestNGDirectoryTestSuite.java:94)\n\tat org.apache.maven.surefire.testng.TestNGProvider.invoke(TestNGProvider.java:146)\n\tat org.apache.maven.surefire.booter.ForkedBooter.invokeProviderInSameClassLoader(ForkedBooter.java:379)\n\tat org.apache.maven.surefire.booter.ForkedBooter.runSuitesInProcess(ForkedBooter.java:340)\n\tat org.apache.maven.surefire.booter.ForkedBooter.execute(ForkedBooter.java:125)\n\tat org.apache.maven.surefire.booter.ForkedBooter.main(ForkedBooter.java:413)\n",
  "flaky" : false,
  "newFailed" : false,
  "beforeStages" : [ {
    "name" : "beforeClass",
    "time" : {
      "start" : 1578474120272,
      "stop" : 1578474120302,
      "duration" : 30
    },
    "description" : "",
    "status" : "passed",
    "steps" : [ ],
    "attachments" : [ ],
    "parameters" : [ ],
    "stepsCount" : 0,
    "attachmentsCount" : 0,
    "shouldDisplayMessage" : false,
    "hasContent" : false
  } ],
  "afterStages" : [ ],
  "labels" : [ {
    "name" : "package",
    "value" : "EasyTest"
  }, {
    "name" : "testClass",
    "value" : "EasyTest"
  }, {
    "name" : "testMethod",
    "value" : "test_4"
  }, {
    "name" : "parentSuite",
    "value" : "Surefire suite"
  }, {
    "name" : "suite",
    "value" : "Surefire test"
  }, {
    "name" : "subSuite",
    "value" : "EasyTest"
  }, {
    "name" : "host",
    "value" : "fv-az60"
  }, {
    "name" : "thread",
    "value" : "3401@fv-az60.main(1)"
  }, {
    "name" : "framework",
    "value" : "testng"
  }, {
    "name" : "language",
    "value" : "java"
  }, {
    "name" : "resultFormat",
    "value" : "allure2"
  } ],
  "parameters" : [ ],
  "links" : [ ],
  "hidden" : false,
  "retry" : false,
  "extra" : {
    "severity" : "normal",
    "retries" : [ ],
    "categories" : [ ],
    "history" : {
      "statistic" : {
        "failed" : 1,
        "broken" : 5,
        "skipped" : 1,
        "passed" : 0,
        "unknown" : 0,
        "total" : 7
      },
      "items" : [ {
        "uid" : "fc94554d61d98dbd",
        "status" : "failed",
        "statusDetails" : "Element not found {#text}\nExpected: visible\nTimeout: 4 s.\nCaused by: NoSuchElementException: no such element: Unable to locate element: {\"method\":\"css selector\",\"selector\":\"#text\"}",
        "time" : {
          "start" : 1578472651344,
          "stop" : 1578472660314,
          "duration" : 8970
        }
      }, {
        "uid" : "15ce0e6962c70dca",
        "status" : "broken",
        "statusDetails" : "io.qameta.allure.selenide.AllureSelenide.onEvent(Lcom/codeborne/selenide/logevents/LogEvent;)V",
        "time" : {
          "start" : 1578471163081,
          "stop" : 1578471163293,
          "duration" : 212
        }
      }, {
        "uid" : "dab86efd0b1cad86",
        "status" : "broken",
        "statusDetails" : "io.qameta.allure.selenide.AllureSelenide.onEvent(Lcom/codeborne/selenide/logevents/LogEvent;)V",
        "time" : {
          "start" : 1578469646467,
          "stop" : 1578469646706,
          "duration" : 239
        }
      }, {
        "uid" : "f4d0ab4a5acb14cf",
        "status" : "broken",
        "statusDetails" : "io.qameta.allure.selenide.AllureSelenide.onEvent(Lcom/codeborne/selenide/logevents/LogEvent;)V",
        "time" : {
          "start" : 1578468590588,
          "stop" : 1578468590792,
          "duration" : 204
        }
      }, {
        "uid" : "65c4e0434181c3a3",
        "status" : "broken",
        "statusDetails" : "No webdriver is bound to current thread: 1. You need to call open(url) first.",
        "time" : {
          "start" : 1578467170576,
          "stop" : 1578467170800,
          "duration" : 224
        }
      } ]
    },
    "tags" : [ ]
  },
  "source" : "b537ef5d3db1b51a.json",
  "parameterValues" : [ ]
}